<?xml version="1.0" encoding="UTF-8"?>
<testsuite xmlns:xsi="http://www.w3.org/2001/XMLSchema-instance" xsi:noNamespaceSchemaLocation="https://maven.apache.org/surefire/maven-surefire-plugin/xsd/surefire-test-report.xsd" name="com.v4m3rr.kosztorisix.AppTest" time="0.028" tests="1" errors="0" skipped="0" failures="0">
  <properties>
    <property name="java.specification.version" value="17"/>
    <property name="sun.cpu.isalist" value="amd64"/>
    <property name="sun.jnu.encoding" value="Cp1252"/>
    <property name="java.class.path" value="D:\Projects\EclipseJava\kosztorisix\target\test-classes;D:\Projects\EclipseJava\kosztorisix\target\classes;C:\Users\v4m3rr\.m2\repository\junit\junit\4.11\junit-4.11.jar;C:\Users\v4m3rr\.m2\repository\org\hamcrest\hamcrest-core\1.3\hamcrest-core-1.3.jar;C:\Users\v4m3rr\.m2\repository\com\itextpdf\itext-asian\5.2.0\itext-asian-5.2.0.jar;C:\Users\v4m3rr\.m2\repository\com\itextpdf\itextpdf\5.5.13.3\itextpdf-5.5.13.3.jar;C:\Users\v4m3rr\.m2\repository\com\itextpdf\kernel\8.0.1\kernel-8.0.1.jar;C:\Users\v4m3rr\.m2\repository\com\itextpdf\bouncy-castle-connector\8.0.1\bouncy-castle-connector-8.0.1.jar;C:\Users\v4m3rr\.m2\repository\com\itextpdf\io\8.0.1\io-8.0.1.jar;C:\Users\v4m3rr\.m2\repository\com\itextpdf\commons\8.0.1\commons-8.0.1.jar;C:\Users\v4m3rr\.m2\repository\org\slf4j\slf4j-api\1.7.36\slf4j-api-1.7.36.jar;C:\Users\v4m3rr\.m2\repository\com\itextpdf\layout\8.0.1\layout-8.0.1.jar;"/>
    <property name="java.vm.vendor" value="Eclipse Adoptium"/>
    <property name="sun.arch.data.model" value="64"/>
    <property name="user.variant" value=""/>
    <property name="java.vendor.url" value="https://adoptium.net/"/>
    <property name="user.timezone" value="Europe/Warsaw"/>
    <property name="os.name" value="Windows 11"/>
    <property name="java.vm.specification.version" value="17"/>
    <property name="sun.java.launcher" value="SUN_STANDARD"/>
    <property name="user.country" value="GB"/>
    <property name="sun.boot.library.path" value="C:\Users\v4m3rr\.p2\pool\plugins\org.eclipse.justj.openjdk.hotspot.jre.full.win32.x86_64_17.0.7.v20230425-1502\jre\bin"/>
    <property name="sun.java.command" value="C:\Users\v4m3rr\AppData\Local\Temp\surefire5683739264239108435\surefirebooter9451572627670419685.jar C:\Users\v4m3rr\AppData\Local\Temp\surefire5683739264239108435 2023-08-09T12-14-50_464-jvmRun1 surefire17776780949808808782tmp surefire_05867794086909481079tmp"/>
    <property name="jdk.debug" value="release"/>
    <property name="surefire.test.class.path" value="D:\Projects\EclipseJava\kosztorisix\target\test-classes;D:\Projects\EclipseJava\kosztorisix\target\classes;C:\Users\v4m3rr\.m2\repository\junit\junit\4.11\junit-4.11.jar;C:\Users\v4m3rr\.m2\repository\org\hamcrest\hamcrest-core\1.3\hamcrest-core-1.3.jar;C:\Users\v4m3rr\.m2\repository\com\itextpdf\itext-asian\5.2.0\itext-asian-5.2.0.jar;C:\Users\v4m3rr\.m2\repository\com\itextpdf\itextpdf\5.5.13.3\itextpdf-5.5.13.3.jar;C:\Users\v4m3rr\.m2\repository\com\itextpdf\kernel\8.0.1\kernel-8.0.1.jar;C:\Users\v4m3rr\.m2\repository\com\itextpdf\bouncy-castle-connector\8.0.1\bouncy-castle-connector-8.0.1.jar;C:\Users\v4m3rr\.m2\repository\com\itextpdf\io\8.0.1\io-8.0.1.jar;C:\Users\v4m3rr\.m2\repository\com\itextpdf\commons\8.0.1\commons-8.0.1.jar;C:\Users\v4m3rr\.m2\repository\org\slf4j\slf4j-api\1.7.36\slf4j-api-1.7.36.jar;C:\Users\v4m3rr\.m2\repository\com\itextpdf\layout\8.0.1\layout-8.0.1.jar;"/>
    <property name="sun.cpu.endian" value="little"/>
    <property name="user.home" value="C:\Users\v4m3rr"/>
    <property name="user.language" value="en"/>
    <property name="java.specification.vendor" value="Oracle Corporation"/>
    <property name="java.version.date" value="2023-04-18"/>
    <property name="java.home" value="C:\Users\v4m3rr\.p2\pool\plugins\org.eclipse.justj.openjdk.hotspot.jre.full.win32.x86_64_17.0.7.v20230425-1502\jre"/>
    <property name="file.separator" value="\"/>
    <property name="style.color" value="always"/>
    <property name="basedir" value="D:\Projects\EclipseJava\kosztorisix"/>
    <property name="java.vm.compressedOopsMode" value="32-bit"/>
    <property name="line.separator" value="&#10;"/>
    <property name="java.vm.specification.vendor" value="Oracle Corporation"/>
    <property name="java.specification.name" value="Java Platform API Specification"/>
    <property name="surefire.real.class.path" value="C:\Users\v4m3rr\AppData\Local\Temp\surefire5683739264239108435\surefirebooter9451572627670419685.jar"/>
    <property name="user.script" value=""/>
    <property name="sun.management.compiler" value="HotSpot 64-Bit Tiered Compilers"/>
    <property name="java.runtime.version" value="17.0.7+7"/>
    <property name="user.name" value="v4m3rr"/>
    <property name="path.separator" value=";"/>
    <property name="os.version" value="10.0"/>
    <property name="java.runtime.name" value="OpenJDK Runtime Environment"/>
    <property name="file.encoding" value="Cp1252"/>
    <property name="java.vm.name" value="OpenJDK 64-Bit Server VM"/>
    <property name="java.vendor.version" value="Temurin-17.0.7+7"/>
    <property name="localRepository" value="C:\Users\v4m3rr\.m2\repository"/>
    <property name="java.vendor.url.bug" value="https://github.com/adoptium/adoptium-support/issues"/>
    <property name="java.io.tmpdir" value="C:\Users\v4m3rr\AppData\Local\Temp\"/>
    <property name="java.version" value="17.0.7"/>
    <property name="user.dir" value="D:\Projects\EclipseJava\kosztorisix"/>
    <property name="os.arch" value="amd64"/>
    <property name="java.vm.specification.name" value="Java Virtual Machine Specification"/>
    <property name="sun.os.patch.level" value=""/>
    <property name="native.encoding" value="Cp1252"/>
    <property name="java.library.path" value="C:\Users\v4m3rr\.p2\pool\plugins\org.eclipse.justj.openjdk.hotspot.jre.full.win32.x86_64_17.0.7.v20230425-1502\jre\bin;C:\Windows\Sun\Java\bin;C:\Windows\system32;C:\Windows;C:/Users/v4m3rr/.p2/pool/plugins/org.eclipse.justj.openjdk.hotspot.jre.full.win32.x86_64_17.0.7.v20230425-1502/jre/bin/server;C:/Users/v4m3rr/.p2/pool/plugins/org.eclipse.justj.openjdk.hotspot.jre.full.win32.x86_64_17.0.7.v20230425-1502/jre/bin;D:\Software\Development Kits\VulkanSDK\1.3.243.0\Bin;C:\Windows\system32;C:\Windows;C:\Windows\System32\Wbem;C:\Windows\System32\WindowsPowerShell\v1.0\;C:\Windows\System32\OpenSSH\;C:\Program Files (x86)\Microsoft SQL Server\160\DTS\Binn\;C:\Program Files\Azure Data Studio\bin;C:\Program Files\Microsoft SQL Server\Client SDK\ODBC\170\Tools\Binn\;D:\Software\Development Kits\RedHat\java-1.8.0-openjdk-1.8.0.362-1\bin;D:\Software\Development Kits\RedHat\java-1.8.0-openjdk-1.8.0.362-1\jre\bin;D:\Software\Git\cmd;C:\Program Files\NVIDIA Corporation\NVIDIA NvDLISR;C:\Program Files (x86)\NVIDIA Corporation\PhysX\Common;C:\Program Files\dotnet\;D:\Software\MinGW\bin;;C:\Program Files\Git LFS;D:\Software\Nodejs\;D:\Software\Python\Scripts\;D:\Software\Python\;C:\Users\v4m3rr\AppData\Local\Microsoft\WindowsApps;D:\Software\Editors\Microsoft VS Code\bin;C:\Program Files\Azure Data Studio\bin;C:\Users\v4m3rr\AppData\Local\Programs\MiKTeX\miktex\bin\x64\;D:\Software\JetBrains\PyCharm\PyCharm Community Edition 2022.3.1\bin;;C:\Users\v4m3rr\.dotnet\tools;C:\Users\v4m3rr\AppData\Local\GitHubDesktop\bin;C:\Users\v4m3rr\AppData\Roaming\npm;C:\Windows\System32;;."/>
    <property name="java.vm.info" value="mixed mode"/>
    <property name="java.vendor" value="Eclipse Adoptium"/>
    <property name="java.vm.version" value="17.0.7+7"/>
    <property name="sun.io.unicode.encoding" value="UnicodeLittle"/>
    <property name="java.class.version" value="61.0"/>
  </properties>
  <testcase name="shouldAnswerWithTrue" classname="com.v4m3rr.kosztorisix.AppTest" time="0.002"/>
</testsuite>